Flow report for Lab1Tut
Mon Jan 22 16:12:43 2024
Quartus Prime Version 17.1.0 Build 590 10/25/2017 SJ Standard Edition


---------------------
; Table of Contents ;
---------------------
  1. Legal Notice
  2. Flow Summary
  3. Flow Settings
  4. Flow Non-Default Global Settings
  5. Flow Elapsed Time
  6. Flow OS Summary
  7. Flow Log
  8. Flow Messages
  9. Flow Suppressed Messages



----------------
; Legal Notice ;
----------------
Copyright (C) 2017  Intel Corporation. All rights reserved.
Your use of Intel Corporation's design tools, logic functions 
and other software and tools, and its AMPP partner logic 
functions, and any output files from any of the foregoing 
(including device programming or simulation files), and any 
associated documentation or information are expressly subject 
to the terms and conditions of the Intel Program License 
Subscription Agreement, the Intel Quartus Prime License Agreement,
the Intel FPGA IP License Agreement, or other applicable license
agreement, including, without limitation, that your use is for
the sole purpose of programming logic devices manufactured by
Intel and sold by Intel or its authorized distributors.  Please
refer to the applicable agreement for further details.



+----------------------------------------------------------------------------------------+
; Flow Summary                                                                           ;
+---------------------------------+------------------------------------------------------+
; Flow Status                     ; EDA Netlist Writer Failed - Mon Jan 22 16:12:43 2024 ;
; Quartus Prime Version           ; 17.1.0 Build 590 10/25/2017 SJ Standard Edition      ;
; Revision Name                   ; Lab1Tut                                              ;
; Top-level Entity Name           ; Lab1Tut                                              ;
; Family                          ; Cyclone V                                            ;
; Device                          ; 5CSEMA5F31C6                                         ;
; Timing Models                   ; Final                                                ;
; Logic utilization (in ALMs)     ; 1 / 32,070 ( < 1 % )                                 ;
; Total registers                 ; 0                                                    ;
; Total pins                      ; 3 / 457 ( < 1 % )                                    ;
; Total virtual pins              ; 0                                                    ;
; Total block memory bits         ; 0 / 4,065,280 ( 0 % )                                ;
; Total DSP Blocks                ; 0 / 87 ( 0 % )                                       ;
; Total HSSI RX PCSs              ; 0                                                    ;
; Total HSSI PMA RX Deserializers ; 0                                                    ;
; Total HSSI TX PCSs              ; 0                                                    ;
; Total HSSI PMA TX Serializers   ; 0                                                    ;
; Total PLLs                      ; 0 / 6 ( 0 % )                                        ;
; Total DLLs                      ; 0 / 4 ( 0 % )                                        ;
+---------------------------------+------------------------------------------------------+


+-----------------------------------------+
; Flow Settings                           ;
+-------------------+---------------------+
; Option            ; Setting             ;
+-------------------+---------------------+
; Start date & time ; 01/22/2024 16:09:04 ;
; Main task         ; Compilation         ;
; Revision Name     ; Lab1Tut             ;
+-------------------+---------------------+


+-------------------------------------------------------------------------------------------------------------------------+
; Flow Non-Default Global Settings                                                                                        ;
+-------------------------------------+----------------------------------------+---------------+-------------+------------+
; Assignment Name                     ; Value                                  ; Default Value ; Entity Name ; Section Id ;
+-------------------------------------+----------------------------------------+---------------+-------------+------------+
; COMPILER_SIGNATURE_ID               ; 10995770589202.170595774404192         ; --            ; --          ; --         ;
; MAX_CORE_JUNCTION_TEMP              ; 85                                     ; --            ; --          ; --         ;
; MIN_CORE_JUNCTION_TEMP              ; 0                                      ; --            ; --          ; --         ;
; OUTPUT_IO_TIMING_FAR_END_VMEAS      ; Half Signal Swing                      ; --            ; --          ; --         ;
; OUTPUT_IO_TIMING_FAR_END_VMEAS      ; Half Signal Swing                      ; --            ; --          ; --         ;
; OUTPUT_IO_TIMING_NEAR_END_VMEAS     ; Half Vccio                             ; --            ; --          ; --         ;
; OUTPUT_IO_TIMING_NEAR_END_VMEAS     ; Half Vccio                             ; --            ; --          ; --         ;
; PARTITION_COLOR                     ; -- (Not supported for targeted family) ; --            ; --          ; Top        ;
; PARTITION_FITTER_PRESERVATION_LEVEL ; -- (Not supported for targeted family) ; --            ; --          ; Top        ;
; PARTITION_NETLIST_TYPE              ; -- (Not supported for targeted family) ; --            ; --          ; Top        ;
; PROJECT_OUTPUT_DIRECTORY            ; output_files                           ; --            ; --          ; --         ;
+-------------------------------------+----------------------------------------+---------------+-------------+------------+


+-------------------------------------------------------------------------------------------------------------------------------+
; Flow Elapsed Time                                                                                                             ;
+---------------------------+--------------+-------------------------+---------------------+------------------------------------+
; Module Name               ; Elapsed Time ; Average Processors Used ; Peak Virtual Memory ; Total CPU Time (on all processors) ;
+---------------------------+--------------+-------------------------+---------------------+------------------------------------+
; Analysis & Synthesis      ; 00:00:17     ; 1.0                     ; 4818 MB             ; 00:00:21                           ;
; Fitter                    ; 00:00:42     ; 1.0                     ; 6608 MB             ; 00:01:54                           ;
; Assembler                 ; 00:00:11     ; 1.0                     ; 4830 MB             ; 00:00:09                           ;
; TimeQuest Timing Analyzer ; 00:00:05     ; 1.0                     ; 5105 MB             ; 00:00:05                           ;
; EDA Netlist Writer        ; 00:00:01     ; 1.0                     ; 4710 MB             ; 00:00:01                           ;
; Total                     ; 00:01:16     ; --                      ; --                  ; 00:02:30                           ;
+---------------------------+--------------+-------------------------+---------------------+------------------------------------+


+-----------------------------------------------------------------------------------------+
; Flow OS Summary                                                                         ;
+---------------------------+------------------+------------+------------+----------------+
; Module Name               ; Machine Hostname ; OS Name    ; OS Version ; Processor type ;
+---------------------------+------------------+------------+------------+----------------+
; Analysis & Synthesis      ; LAZAR-LAPTOP     ; Windows 10 ; 10.0       ; x86_64         ;
; Fitter                    ; LAZAR-LAPTOP     ; Windows 10 ; 10.0       ; x86_64         ;
; Assembler                 ; LAZAR-LAPTOP     ; Windows 10 ; 10.0       ; x86_64         ;
; TimeQuest Timing Analyzer ; LAZAR-LAPTOP     ; Windows 10 ; 10.0       ; x86_64         ;
; EDA Netlist Writer        ; LAZAR-LAPTOP     ; Windows 10 ; 10.0       ; x86_64         ;
+---------------------------+------------------+------------+------------+----------------+


------------
; Flow Log ;
------------
quartus_map --read_settings_files=on --write_settings_files=off Lab1Tut -c Lab1Tut
quartus_fit --read_settings_files=off --write_settings_files=off Lab1Tut -c Lab1Tut
quartus_asm --read_settings_files=off --write_settings_files=off Lab1Tut -c Lab1Tut
quartus_sta Lab1Tut -c Lab1Tut
quartus_eda --gen_testbench --tool=modelsim_oem --format=verilog --write_settings_files=off Lab1Tut -c Lab1Tut --vector_source="C:/Users/vlaci/OneDrive/Mechatronics 2019 - 2025/School Stuff/Level IV/Winter 2024/MECHTRON 3TB4/Lab 1 Tut/output_files/Waveform.vwf" --testbench_file="C:/Users/vlaci/OneDrive/Mechatronics 2019 - 2025/School Stuff/Level IV/Winter 2024/MECHTRON 3TB4/Lab 1 Tut/simulation/qsim/output_files/Waveform.vwf.vt"



